<?xml version="1.0" encoding="UTF-8"?>
<testng-results ignored="0" total="1" passed="1" failed="0" skipped="0">
  <reporter-output>
  </reporter-output>
  <suite started-at="2022-08-18T16:29:34 IST" name="Netship_s" finished-at="2022-08-18T16:30:07 IST" duration-ms="32856">
    <groups>
    </groups>
    <test started-at="2022-08-18T16:29:34 IST" name="Contactus" finished-at="2022-08-18T16:30:07 IST" duration-ms="32856">
      <class name="logoutDiv.Contactus">
        <test-method is-config="true" signature="base()[pri:0, instance:logoutDiv.Contactus@619713e5]" started-at="2022-08-18T16:29:21 IST" name="base" finished-at="2022-08-18T16:29:34 IST" duration-ms="12571" status="PASS">
          <reporter-output>
          </reporter-output>
        </test-method> <!-- base -->
        <test-method is-config="true" signature="testMethodName(java.lang.reflect.Method)[pri:0, instance:logoutDiv.Contactus@619713e5]" started-at="2022-08-18T16:29:34 IST" name="testMethodName" finished-at="2022-08-18T16:29:34 IST" duration-ms="4" status="PASS">
          <params>
            <param index="0">
              <value>
                <![CDATA[public void logoutDiv.Contactus.contactusnews() throws java.lang.InterruptedException]]>
              </value>
            </param>
          </params>
          <reporter-output>
          </reporter-output>
        </test-method> <!-- testMethodName -->
        <test-method signature="contactusnews()[pri:0, instance:logoutDiv.Contactus@619713e5]" started-at="2022-08-18T16:29:34 IST" name="contactusnews" finished-at="2022-08-18T16:30:06 IST" duration-ms="32554" status="PASS">
          <reporter-output>
          </reporter-output>
        </test-method> <!-- contactusnews -->
        <test-method is-config="true" signature="getResult(org.testng.ITestResult)[pri:0, instance:logoutDiv.Contactus@619713e5]" started-at="2022-08-18T16:30:06 IST" name="getResult" finished-at="2022-08-18T16:30:07 IST" duration-ms="266" status="PASS">
          <params>
            <param index="0">
              <value>
                <![CDATA[[TestResult name=contactusnews status=SUCCESS method=Contactus.contactusnews()[pri:0, instance:logoutDiv.Contactus@619713e5] output={null}]]]>
              </value>
            </param>
          </params>
          <reporter-output>
          </reporter-output>
        </test-method> <!-- getResult -->
        <test-method is-config="true" signature="logout()[pri:0, instance:logoutDiv.Contactus@619713e5]" started-at="2022-08-18T16:30:07 IST" name="logout" finished-at="2022-08-18T16:30:24 IST" duration-ms="17262" status="PASS">
          <reporter-output>
          </reporter-output>
        </test-method> <!-- logout -->
      </class> <!-- logoutDiv.Contactus -->
    </test> <!-- Contactus -->
  </suite> <!-- Netship_s -->
</testng-results>
