<?xml version="1.0" encoding="UTF-8"?>
<!-- Generated by org.testng.reporters.JUnitXMLReporter -->
<testsuite ignored="0" hostname="SIPL35" failures="0" tests="0" time="0.012" errors="0" timestamp="2022-08-17T17:31:53 IST">
  <testcase classname="base.extentclass" name="@AfterTest endReport" time="0.001">
    <failure type="java.lang.NullPointerException" message="Cannot invoke &amp;quot;java.util.List.iterator()&amp;quot; because &amp;quot;this.testList&amp;quot; is null">
      <![CDATA[java.lang.NullPointerException: Cannot invoke "java.util.List.iterator()" because "this.testList" is null
at com.relevantcodes.extentreports.Report.terminate(Report.java:417)
at com.relevantcodes.extentreports.ExtentReports.close(ExtentReports.java:920)
at base.extentclass.endReport(extentclass.java:37)
... Removed 24 stack frames]]>
    </failure>
  </testcase> <!-- @AfterTest endReport -->
</testsuite>
